running egg_info
creating ../build/turtlebot3_navigation/turtlebot3_navigation.egg-info
writing ../build/turtlebot3_navigation/turtlebot3_navigation.egg-info/PKG-INFO
writing dependency_links to ../build/turtlebot3_navigation/turtlebot3_navigation.egg-info/dependency_links.txt
writing entry points to ../build/turtlebot3_navigation/turtlebot3_navigation.egg-info/entry_points.txt
writing requirements to ../build/turtlebot3_navigation/turtlebot3_navigation.egg-info/requires.txt
writing top-level names to ../build/turtlebot3_navigation/turtlebot3_navigation.egg-info/top_level.txt
writing manifest file '../build/turtlebot3_navigation/turtlebot3_navigation.egg-info/SOURCES.txt'
reading manifest file '../build/turtlebot3_navigation/turtlebot3_navigation.egg-info/SOURCES.txt'
writing manifest file '../build/turtlebot3_navigation/turtlebot3_navigation.egg-info/SOURCES.txt'
running build
running build_py
creating /home/csrobot/turtlebot3_ws/src/build/turtlebot3_navigation/build
creating /home/csrobot/turtlebot3_ws/src/build/turtlebot3_navigation/build/lib
creating /home/csrobot/turtlebot3_ws/src/build/turtlebot3_navigation/build/lib/turtlebot3_navigation
copying turtlebot3_navigation/__init__.py -> /home/csrobot/turtlebot3_ws/src/build/turtlebot3_navigation/build/lib/turtlebot3_navigation
copying turtlebot3_navigation/example.py -> /home/csrobot/turtlebot3_ws/src/build/turtlebot3_navigation/build/lib/turtlebot3_navigation
running install
running install_lib
creating /home/csrobot/turtlebot3_ws/src/install/turtlebot3_navigation/lib/python3.10/site-packages/turtlebot3_navigation
copying /home/csrobot/turtlebot3_ws/src/build/turtlebot3_navigation/build/lib/turtlebot3_navigation/__init__.py -> /home/csrobot/turtlebot3_ws/src/install/turtlebot3_navigation/lib/python3.10/site-packages/turtlebot3_navigation
copying /home/csrobot/turtlebot3_ws/src/build/turtlebot3_navigation/build/lib/turtlebot3_navigation/example.py -> /home/csrobot/turtlebot3_ws/src/install/turtlebot3_navigation/lib/python3.10/site-packages/turtlebot3_navigation
byte-compiling /home/csrobot/turtlebot3_ws/src/install/turtlebot3_navigation/lib/python3.10/site-packages/turtlebot3_navigation/__init__.py to __init__.cpython-310.pyc
byte-compiling /home/csrobot/turtlebot3_ws/src/install/turtlebot3_navigation/lib/python3.10/site-packages/turtlebot3_navigation/example.py to example.cpython-310.pyc
running install_data
creating /home/csrobot/turtlebot3_ws/src/install/turtlebot3_navigation/share/ament_index
creating /home/csrobot/turtlebot3_ws/src/install/turtlebot3_navigation/share/ament_index/resource_index
creating /home/csrobot/turtlebot3_ws/src/install/turtlebot3_navigation/share/ament_index/resource_index/packages
copying resource/turtlebot3_navigation -> /home/csrobot/turtlebot3_ws/src/install/turtlebot3_navigation/share/ament_index/resource_index/packages
copying package.xml -> /home/csrobot/turtlebot3_ws/src/install/turtlebot3_navigation/share/turtlebot3_navigation
copying launch/example.launch.py -> /home/csrobot/turtlebot3_ws/src/install/turtlebot3_navigation/share/turtlebot3_navigation
running install_egg_info
Copying ../build/turtlebot3_navigation/turtlebot3_navigation.egg-info to /home/csrobot/turtlebot3_ws/src/install/turtlebot3_navigation/lib/python3.10/site-packages/turtlebot3_navigation-0.0.0-py3.10.egg-info
running install_scripts
Installing example_node script to /home/csrobot/turtlebot3_ws/src/install/turtlebot3_navigation/lib/turtlebot3_navigation
writing list of installed files to '/home/csrobot/turtlebot3_ws/src/build/turtlebot3_navigation/install.log'
