[0.380s] Invoking command in '/home/csrobot/turtlebot3_ws/src/turtlebot3_navigation': PYTHONPATH=/home/csrobot/turtlebot3_ws/src/build/turtlebot3_navigation/prefix_override:/home/csrobot/turtlebot3_ws/src/install/turtlebot3_navigation/lib/python3.10/site-packages:${PYTHONPATH} /usr/bin/python3 -W ignore:setup.py install is deprecated setup.py egg_info --egg-base ../build/turtlebot3_navigation build --build-base /home/csrobot/turtlebot3_ws/src/build/turtlebot3_navigation/build install --record /home/csrobot/turtlebot3_ws/src/build/turtlebot3_navigation/install.log --single-version-externally-managed install_data
[0.516s] running egg_info
[0.517s] creating ../build/turtlebot3_navigation/turtlebot3_navigation.egg-info
[0.517s] writing ../build/turtlebot3_navigation/turtlebot3_navigation.egg-info/PKG-INFO
[0.517s] writing dependency_links to ../build/turtlebot3_navigation/turtlebot3_navigation.egg-info/dependency_links.txt
[0.517s] writing entry points to ../build/turtlebot3_navigation/turtlebot3_navigation.egg-info/entry_points.txt
[0.517s] writing requirements to ../build/turtlebot3_navigation/turtlebot3_navigation.egg-info/requires.txt
[0.517s] writing top-level names to ../build/turtlebot3_navigation/turtlebot3_navigation.egg-info/top_level.txt
[0.517s] writing manifest file '../build/turtlebot3_navigation/turtlebot3_navigation.egg-info/SOURCES.txt'
[0.518s] reading manifest file '../build/turtlebot3_navigation/turtlebot3_navigation.egg-info/SOURCES.txt'
[0.519s] writing manifest file '../build/turtlebot3_navigation/turtlebot3_navigation.egg-info/SOURCES.txt'
[0.519s] running build
[0.519s] running build_py
[0.519s] creating /home/csrobot/turtlebot3_ws/src/build/turtlebot3_navigation/build
[0.519s] creating /home/csrobot/turtlebot3_ws/src/build/turtlebot3_navigation/build/lib
[0.520s] creating /home/csrobot/turtlebot3_ws/src/build/turtlebot3_navigation/build/lib/turtlebot3_navigation
[0.520s] copying turtlebot3_navigation/__init__.py -> /home/csrobot/turtlebot3_ws/src/build/turtlebot3_navigation/build/lib/turtlebot3_navigation
[0.520s] copying turtlebot3_navigation/example.py -> /home/csrobot/turtlebot3_ws/src/build/turtlebot3_navigation/build/lib/turtlebot3_navigation
[0.520s] running install
[0.520s] running install_lib
[0.520s] creating /home/csrobot/turtlebot3_ws/src/install/turtlebot3_navigation/lib/python3.10/site-packages/turtlebot3_navigation
[0.520s] copying /home/csrobot/turtlebot3_ws/src/build/turtlebot3_navigation/build/lib/turtlebot3_navigation/__init__.py -> /home/csrobot/turtlebot3_ws/src/install/turtlebot3_navigation/lib/python3.10/site-packages/turtlebot3_navigation
[0.520s] copying /home/csrobot/turtlebot3_ws/src/build/turtlebot3_navigation/build/lib/turtlebot3_navigation/example.py -> /home/csrobot/turtlebot3_ws/src/install/turtlebot3_navigation/lib/python3.10/site-packages/turtlebot3_navigation
[0.520s] byte-compiling /home/csrobot/turtlebot3_ws/src/install/turtlebot3_navigation/lib/python3.10/site-packages/turtlebot3_navigation/__init__.py to __init__.cpython-310.pyc
[0.521s] byte-compiling /home/csrobot/turtlebot3_ws/src/install/turtlebot3_navigation/lib/python3.10/site-packages/turtlebot3_navigation/example.py to example.cpython-310.pyc
[0.521s] running install_data
[0.521s] creating /home/csrobot/turtlebot3_ws/src/install/turtlebot3_navigation/share/ament_index
[0.521s] creating /home/csrobot/turtlebot3_ws/src/install/turtlebot3_navigation/share/ament_index/resource_index
[0.521s] creating /home/csrobot/turtlebot3_ws/src/install/turtlebot3_navigation/share/ament_index/resource_index/packages
[0.522s] copying resource/turtlebot3_navigation -> /home/csrobot/turtlebot3_ws/src/install/turtlebot3_navigation/share/ament_index/resource_index/packages
[0.522s] copying package.xml -> /home/csrobot/turtlebot3_ws/src/install/turtlebot3_navigation/share/turtlebot3_navigation
[0.522s] copying launch/example.launch.py -> /home/csrobot/turtlebot3_ws/src/install/turtlebot3_navigation/share/turtlebot3_navigation
[0.522s] running install_egg_info
[0.522s] Copying ../build/turtlebot3_navigation/turtlebot3_navigation.egg-info to /home/csrobot/turtlebot3_ws/src/install/turtlebot3_navigation/lib/python3.10/site-packages/turtlebot3_navigation-0.0.0-py3.10.egg-info
[0.523s] running install_scripts
[0.537s] Installing example_node script to /home/csrobot/turtlebot3_ws/src/install/turtlebot3_navigation/lib/turtlebot3_navigation
[0.538s] writing list of installed files to '/home/csrobot/turtlebot3_ws/src/build/turtlebot3_navigation/install.log'
[0.552s] Invoked command in '/home/csrobot/turtlebot3_ws/src/turtlebot3_navigation' returned '0': PYTHONPATH=/home/csrobot/turtlebot3_ws/src/build/turtlebot3_navigation/prefix_override:/home/csrobot/turtlebot3_ws/src/install/turtlebot3_navigation/lib/python3.10/site-packages:${PYTHONPATH} /usr/bin/python3 -W ignore:setup.py install is deprecated setup.py egg_info --egg-base ../build/turtlebot3_navigation build --build-base /home/csrobot/turtlebot3_ws/src/build/turtlebot3_navigation/build install --record /home/csrobot/turtlebot3_ws/src/build/turtlebot3_navigation/install.log --single-version-externally-managed install_data
